-------------------------------------------------------------------------------
Test set: net.javaguides.springboot.Springboothelloworldapplication.ApplicationTests
-------------------------------------------------------------------------------
Tests run: 1, Failures: 0, Errors: 1, Skipped: 0, Time elapsed: 2.7 s <<< FAILURE! - in net.javaguides.springboot.Springboothelloworldapplication.ApplicationTests
initializationError(net.javaguides.springboot.Springboothelloworldapplication.ApplicationTests)  Time elapsed: 0.003 s  <<< ERROR!
java.lang.IllegalStateException: Unable to find a @SpringBootConfiguration, you need to use @ContextConfiguration or @SpringBootTest(classes=...) with your test

